Arguments: 
  C:\Program Files\nodejs\node.exe C:\Program Files (x86)\Yarn\bin\yarn.js add axios

PATH: 
  C:\Users\Maxim_Remizov\bin;C:\Program Files\Git\mingw64\bin;C:\Program Files\Git\usr\local\bin;C:\Program Files\Git\usr\bin;C:\Program Files\Git\usr\bin;C:\Program Files\Git\mingw64\bin;C:\Program Files\Git\usr\bin;C:\Users\Maxim_Remizov\bin;C:\WINDOWS\system32;C:\WINDOWS;C:\WINDOWS\System32\Wbem;C:\WINDOWS\System32\WindowsPowerShell\v1.0;C:\WINDOWS\System32\OpenSSH;C:\Program Files (x86)\Yarn\bin;C:\Program Files\Docker\Docker\resources\bin;C:\ProgramData\DockerDesktop\version-bin;C:\Program Files\TortoiseGit\bin;C:\Program Files\Git\cmd;C:\Program Files\nodejs;C:\Maxim\python39\Scripts;C:\Maxim\python39;C:\Users\Maxim_Remizov\AppData\Local\Microsoft\WindowsApps;C:\Users\Maxim_Remizov\AppData\Local\Programs\Microsoft VS Code\bin;C:\Users\Maxim_Remizov\AppData\Local\Yarn\bin;C:\Maxim\epam-work\openshift\oc.exe;C:\Maxim\apache-maven-3.6.3\bin;C:\Maxim\jdk-11\bin;C:\Users\Maxim_Remizov\AppData\Roaming\npm;C:\Program Files\Git\usr\bin\vendor_perl;C:\Program Files\Git\usr\bin\core_perl

Yarn version: 
  1.22.5

Node version: 
  16.13.1

Platform: 
  win32 x64

Trace: 
  Error: getaddrinfo ENOTFOUND artifactory.epam.com
      at GetAddrInfoReqWrap.onlookup [as oncomplete] (node:dns:71:26)

npm manifest: 
  {
    "name": "priyt-dushi",
    "version": "1.0.0",
    "private": true,
    "description": "priyt-dushi",
    "author": "maxim remizov",
    "keywords": [
      "gatsby"
    ],
    "scripts": {
      "develop": "gatsby develop",
      "start": "gatsby develop",
      "build": "gatsby build",
      "serve": "gatsby serve",
      "clean": "gatsby clean",
      "formating": "prettier --write ./src"
    },
    "dependencies": {
      "@mdx-js/mdx": "^1.6.22",
      "@mdx-js/react": "^1.6.22",
      "babel-plugin-styled-components": "^1.13.2",
      "dotenv": "^8.6.0",
      "gatsby": "^3.9.0",
      "gatsby-plugin-google-analytics": "^3.9.0",
      "gatsby-plugin-image": "^1.9.0",
      "gatsby-plugin-manifest": "^3.9.0",
      "gatsby-plugin-mdx": "^2.9.0",
      "gatsby-plugin-react-helmet": "^4.9.0",
      "gatsby-plugin-sharp": "^3.9.0",
      "gatsby-plugin-sitemap": "^4.5.0",
      "gatsby-plugin-styled-components": "^4.9.0",
      "gatsby-source-contentful": "^5.9.0",
      "gatsby-source-filesystem": "^3.9.0",
      "gatsby-transformer-sharp": "^3.9.0",
      "prettier": "^2.3.2",
      "react": "^17.0.1",
      "react-dom": "^17.0.1",
      "react-helmet": "^6.1.0",
      "styled-components": "^5.3.0"
    }
  }

yarn manifest: 
  No manifest

Lockfile: 
  No lockfile
